<?xml version="1.0" encoding="UTF-8"?>
<!-- Generated by org.testng.reporters.JUnitXMLReporter -->
<testsuite hostname="GAURAV_CHAUHAN" ignored="0" name="Test" tests="12" failures="2" timestamp="06 Jan 2019 09:31:29 GMT" time="0.445" errors="0">
  <testcase name="anish" time="0.053" classname="testngpackage.Third"/>
  <testcase name="eleven" time="0.015" classname="testngpackage.Third">
    <failure type="java.lang.AssertionError" message="expected [ashish] but found [anish]">
      <![CDATA[java.lang.AssertionError: expected [ashish] but found [anish]
at testngpackage.Third.eleven(Third.java:11)
... Removed 31 stack frames]]>
    </failure>
  </testcase> <!-- eleven -->
  <testcase name="gaurav" time="0.015" classname="testngpackage.Third"/>
  <testcase name="nine" time="0.063" classname="testngpackage.Third">
    <failure type="java.lang.AssertionError" message="expected [ashish] but found [anish]">
      <![CDATA[java.lang.AssertionError: expected [ashish] but found [anish]
at testngpackage.Third.nine(Third.java:16)
... Removed 31 stack frames]]>
    </failure>
  </testcase> <!-- nine -->
  <testcase name="eight" time="0.015" classname="testngpackage.Second"/>
  <testcase name="five" time="0.0" classname="testngpackage.Second"/>
  <testcase name="seven" time="0.0" classname="testngpackage.Second">
    <skipped/>
  </testcase> <!-- seven -->
  <testcase name="six" time="0.0" classname="testngpackage.Second">
    <skipped/>
  </testcase> <!-- six -->
  <testcase name="four" time="0.016" classname="testngpackage.FirstClass"/>
  <testcase name="one" time="0.016" classname="testngpackage.FirstClass"/>
  <testcase name="three" time="0.0" classname="testngpackage.FirstClass"/>
  <testcase name="two" time="0.0" classname="testngpackage.FirstClass"/>
</testsuite> <!-- Test -->
